<?xml version="1.0" encoding="UTF-8"?>
<!-- Generated by org.testng.reporters.JUnitXMLReporter -->
<testsuite hostname="DESKTOP-T7GAKR6" ignored="0" name="Command line test" tests="10" failures="0" timestamp="26 серп. 2017 08:30:04 GMT" time="7.973" errors="0">
  <testcase name="exchangeOneBookTwoTimesRest" time="1.036" classname="com.epam.lab.web.ExchangeApiTest"/>
  <testcase name="exchangeOneBookTwoTimesSoap" time="0.961" classname="com.epam.lab.web.ExchangeApiTest"/>
  <testcase name="getAuthorsBooksFaultNumberRest" time="0.129" classname="com.epam.lab.web.SearchAutorListApiTest"/>
  <testcase name="getAuthorsBooksFaultNumberSoap" time="0.116" classname="com.epam.lab.web.SearchAutorListApiTest"/>
  <testcase name="getFiveAuthorsBooksRest" time="0.1" classname="com.epam.lab.web.SearchAutorListApiTest"/>
  <testcase name="getFiveAuthorsBooksSoap" time="0.1" classname="com.epam.lab.web.SearchAutorListApiTest"/>
  <testcase name="addBookAndGetItBack" time="0.122" classname="com.epam.lab.web.SearchBookApiTest"/>
  <testcase name="testSearchWithWrongBookNameRestAndSoap" time="0.266" classname="com.epam.lab.web.SearchBookApiTest"/>
  <testcase name="addThreeBookAndDeleteThemWithRestService" time="0.181" classname="com.epam.lab.web.UpdateApiTest"/>
  <testcase name="addThreeBookAndDeleteThemWithSoapService" time="0.234" classname="com.epam.lab.web.UpdateApiTest"/>
</testsuite> <!-- Command line test -->
